<?xml version="1.0" encoding="UTF-8"?>
<testng-results skipped="0" failed="0" ignored="0" total="1" passed="1">
  <reporter-output>
  </reporter-output>
  <suite name="Surefire suite" duration-ms="19550" started-at="2017-05-20T07:48:38Z" finished-at="2017-05-20T07:48:57Z">
    <groups>
    </groups>
    <test name="Surefire test" duration-ms="19550" started-at="2017-05-20T07:48:38Z" finished-at="2017-05-20T07:48:57Z">
      <class name="com.package1.TestFirstAppTest">
        <test-method status="PASS" signature="FirstTest()[pri:0, instance:com.package1.TestFirstAppTest@327471b5]" name="FirstTest" duration-ms="19442" started-at="2017-05-20T13:18:38Z" finished-at="2017-05-20T13:18:57Z">
          <reporter-output>
          </reporter-output>
        </test-method> <!-- FirstTest -->
      </class> <!-- com.package1.TestFirstAppTest -->
    </test> <!-- Surefire test -->
  </suite> <!-- Surefire suite -->
</testng-results>
